-------------------------------------------------------------------------------
Test set: TestSuite
-------------------------------------------------------------------------------
Tests run: 2, Failures: 1, Errors: 0, Skipped: 0, Time elapsed: 27.46 s <<< FAILURE! - in TestSuite
neoStoxTest.ValidateNeoStoxUsernameProperties.validateNeoStoxAccBalance  Time elapsed: 0.005 s  <<< FAILURE!
java.lang.AssertionError: null
	at neoStoxTest.ValidateNeoStoxUsernameProperties.validateNeoStoxAccBalance(ValidateNeoStoxUsernameProperties.java:83)

