<?xml version="1.0" encoding="UTF-8"?>
<testng-results ignored="0" total="2" passed="1" failed="1" skipped="0">
  <reporter-output>
    <line>
      <![CDATA[Reading url from property file]]>
    </line>
    <line>
      <![CDATA[Launching the browser ]]>
    </line>
    <line>
      <![CDATA[waiting for element]]>
    </line>
    <line>
      <![CDATA[Clicking on sign in button]]>
    </line>
    <line>
      <![CDATA[waiting for element]]>
    </line>
    <line>
      <![CDATA[Reading mobileNum from property file]]>
    </line>
    <line>
      <![CDATA[waiting for element]]>
    </line>
    <line>
      <![CDATA[Entering mobile number]]>
    </line>
    <line>
      <![CDATA[waiting for element]]>
    </line>
    <line>
      <![CDATA[waiting for element]]>
    </line>
    <line>
      <![CDATA[Reading password from property file]]>
    </line>
    <line>
      <![CDATA[waiting for element]]>
    </line>
    <line>
      <![CDATA[Entering password ]]>
    </line>
    <line>
      <![CDATA[waiting for element]]>
    </line>
    <line>
      <![CDATA[clicking on submit button]]>
    </line>
    <line>
      <![CDATA[waiting for element]]>
    </line>
    <line>
      <![CDATA[Clicking on ok button of popup]]>
    </line>
    <line>
      <![CDATA[waiting for element]]>
    </line>
    <line>
      <![CDATA[Clicking on close button of popup ]]>
    </line>
    <line>
      <![CDATA[TC validateNeoStoxAccBalance is failed please try again]]>
    </line>
    <line>
      <![CDATA[waiting for element]]>
    </line>
    <line>
      <![CDATA[Taking screenshot]]>
    </line>
    <line>
      <![CDATA[waiting for element]]>
    </line>
    <line>
      <![CDATA[waiting for element]]>
    </line>
    <line>
      <![CDATA[logging out from neostox ]]>
    </line>
    <line>
      <![CDATA[waiting for element]]>
    </line>
    <line>
      <![CDATA[Clicking on sign in button]]>
    </line>
    <line>
      <![CDATA[waiting for element]]>
    </line>
    <line>
      <![CDATA[Reading mobileNum from property file]]>
    </line>
    <line>
      <![CDATA[waiting for element]]>
    </line>
    <line>
      <![CDATA[Entering mobile number]]>
    </line>
    <line>
      <![CDATA[waiting for element]]>
    </line>
    <line>
      <![CDATA[waiting for element]]>
    </line>
    <line>
      <![CDATA[Reading password from property file]]>
    </line>
    <line>
      <![CDATA[waiting for element]]>
    </line>
    <line>
      <![CDATA[Entering password ]]>
    </line>
    <line>
      <![CDATA[waiting for element]]>
    </line>
    <line>
      <![CDATA[clicking on submit button]]>
    </line>
    <line>
      <![CDATA[there is no popup]]>
    </line>
    <line>
      <![CDATA[waiting for element]]>
    </line>
    <line>
      <![CDATA[waiting for element]]>
    </line>
    <line>
      <![CDATA[getting actual username]]>
    </line>
    <line>
      <![CDATA[Actual username is Ashok Yadav]]>
    </line>
    <line>
      <![CDATA[Reading username from property file]]>
    </line>
    <line>
      <![CDATA[Username validated successsfully]]>
    </line>
    <line>
      <![CDATA[TC validateNeoStoxUserName is passed successfully]]>
    </line>
    <line>
      <![CDATA[waiting for element]]>
    </line>
    <line>
      <![CDATA[waiting for element]]>
    </line>
    <line>
      <![CDATA[logging out from neostox ]]>
    </line>
  </reporter-output>
  <suite started-at="2022-12-22T00:15:44 IST" name="Suite" finished-at="2022-12-22T00:16:10 IST" duration-ms="25894">
    <groups>
    </groups>
    <test started-at="2022-12-22T00:15:44 IST" name="Test" finished-at="2022-12-22T00:16:10 IST" duration-ms="25894">
      <class name="neoStoxTest.ValidateNeoStoxUsernameProperties">
        <test-method is-config="true" signature="LaunchBrowser()[pri:0, instance:neoStoxTest.ValidateNeoStoxUsernameProperties@6c1a5b54]" started-at="2022-12-22T00:15:44 IST" name="LaunchBrowser" finished-at="2022-12-22T00:15:52 IST" duration-ms="7366" status="PASS">
          <reporter-output>
            <line>
              <![CDATA[Reading url from property file]]>
            </line>
            <line>
              <![CDATA[Launching the browser ]]>
            </line>
          </reporter-output>
        </test-method> <!-- LaunchBrowser -->
        <test-method is-config="true" signature="LogintoNeostox()[pri:0, instance:neoStoxTest.ValidateNeoStoxUsernameProperties@6c1a5b54]" started-at="2022-12-22T00:15:52 IST" name="LogintoNeostox" finished-at="2022-12-22T00:16:01 IST" duration-ms="9345" status="PASS">
          <reporter-output>
            <line>
              <![CDATA[waiting for element]]>
            </line>
            <line>
              <![CDATA[Clicking on sign in button]]>
            </line>
            <line>
              <![CDATA[waiting for element]]>
            </line>
            <line>
              <![CDATA[Reading mobileNum from property file]]>
            </line>
            <line>
              <![CDATA[waiting for element]]>
            </line>
            <line>
              <![CDATA[Entering mobile number]]>
            </line>
            <line>
              <![CDATA[waiting for element]]>
            </line>
            <line>
              <![CDATA[waiting for element]]>
            </line>
            <line>
              <![CDATA[Reading password from property file]]>
            </line>
            <line>
              <![CDATA[waiting for element]]>
            </line>
            <line>
              <![CDATA[Entering password ]]>
            </line>
            <line>
              <![CDATA[waiting for element]]>
            </line>
            <line>
              <![CDATA[clicking on submit button]]>
            </line>
            <line>
              <![CDATA[waiting for element]]>
            </line>
            <line>
              <![CDATA[Clicking on ok button of popup]]>
            </line>
            <line>
              <![CDATA[waiting for element]]>
            </line>
            <line>
              <![CDATA[Clicking on close button of popup ]]>
            </line>
          </reporter-output>
        </test-method> <!-- LogintoNeostox -->
        <test-method signature="validateNeoStoxAccBalance()[pri:0, instance:neoStoxTest.ValidateNeoStoxUsernameProperties@6c1a5b54]" started-at="2022-12-22T00:16:01 IST" name="validateNeoStoxAccBalance" finished-at="2022-12-22T00:16:01 IST" duration-ms="6" status="FAIL">
          <exception class="java.lang.AssertionError">
            <message>
              <![CDATA[null]]>
            </message>
            <full-stacktrace>
              <![CDATA[java.lang.AssertionError: null
at org.testng.Assert.fail(Assert.java:110)
at org.testng.Assert.fail(Assert.java:115)
at neoStoxTest.ValidateNeoStoxUsernameProperties.validateNeoStoxAccBalance(ValidateNeoStoxUsernameProperties.java:83)
at java.base/jdk.internal.reflect.NativeMethodAccessorImpl.invoke0(Native Method)
at java.base/jdk.internal.reflect.NativeMethodAccessorImpl.invoke(NativeMethodAccessorImpl.java:62)
at java.base/jdk.internal.reflect.DelegatingMethodAccessorImpl.invoke(DelegatingMethodAccessorImpl.java:43)
at java.base/java.lang.reflect.Method.invoke(Method.java:566)
at org.testng.internal.invokers.MethodInvocationHelper.invokeMethod(MethodInvocationHelper.java:139)
at org.testng.internal.invokers.TestInvoker.invokeMethod(TestInvoker.java:677)
at org.testng.internal.invokers.TestInvoker.invokeTestMethod(TestInvoker.java:221)
at org.testng.internal.invokers.MethodRunner.runInSequence(MethodRunner.java:50)
at org.testng.internal.invokers.TestInvoker$MethodInvocationAgent.invoke(TestInvoker.java:962)
at org.testng.internal.invokers.TestInvoker.invokeTestMethods(TestInvoker.java:194)
at org.testng.internal.invokers.TestMethodWorker.invokeTestMethods(TestMethodWorker.java:148)
at org.testng.internal.invokers.TestMethodWorker.run(TestMethodWorker.java:128)
at java.base/java.util.ArrayList.forEach(ArrayList.java:1541)
at org.testng.TestRunner.privateRun(TestRunner.java:806)
at org.testng.TestRunner.run(TestRunner.java:601)
at org.testng.SuiteRunner.runTest(SuiteRunner.java:433)
at org.testng.SuiteRunner.runSequentially(SuiteRunner.java:427)
at org.testng.SuiteRunner.privateRun(SuiteRunner.java:387)
at org.testng.SuiteRunner.run(SuiteRunner.java:330)
at org.testng.SuiteRunnerWorker.runSuite(SuiteRunnerWorker.java:52)
at org.testng.SuiteRunnerWorker.run(SuiteRunnerWorker.java:95)
at org.testng.TestNG.runSuitesSequentially(TestNG.java:1256)
at org.testng.TestNG.runSuitesLocally(TestNG.java:1176)
at org.testng.TestNG.runSuites(TestNG.java:1099)
at org.testng.TestNG.run(TestNG.java:1067)
at org.apache.maven.surefire.testng.TestNGExecutor.run(TestNGExecutor.java:284)
at org.apache.maven.surefire.testng.TestNGXmlTestSuite.execute(TestNGXmlTestSuite.java:75)
at org.apache.maven.surefire.testng.TestNGProvider.invoke(TestNGProvider.java:119)
at org.apache.maven.surefire.booter.ForkedBooter.runSuitesInProcess(ForkedBooter.java:428)
at org.apache.maven.surefire.booter.ForkedBooter.execute(ForkedBooter.java:162)
at org.apache.maven.surefire.booter.ForkedBooter.run(ForkedBooter.java:562)
at org.apache.maven.surefire.booter.ForkedBooter.main(ForkedBooter.java:548)
]]>
            </full-stacktrace>
          </exception> <!-- java.lang.AssertionError -->
          <reporter-output>
            <line>
              <![CDATA[TC validateNeoStoxAccBalance is failed please try again]]>
            </line>
            <line>
              <![CDATA[waiting for element]]>
            </line>
            <line>
              <![CDATA[Taking screenshot]]>
            </line>
          </reporter-output>
        </test-method> <!-- validateNeoStoxAccBalance -->
        <test-method is-config="true" signature="logout()[pri:0, instance:neoStoxTest.ValidateNeoStoxUsernameProperties@6c1a5b54]" started-at="2022-12-22T00:16:01 IST" name="logout" finished-at="2022-12-22T00:16:03 IST" duration-ms="1291" status="PASS">
          <reporter-output>
            <line>
              <![CDATA[waiting for element]]>
            </line>
            <line>
              <![CDATA[waiting for element]]>
            </line>
            <line>
              <![CDATA[logging out from neostox ]]>
            </line>
          </reporter-output>
        </test-method> <!-- logout -->
        <test-method is-config="true" signature="LogintoNeostox()[pri:0, instance:neoStoxTest.ValidateNeoStoxUsernameProperties@6c1a5b54]" started-at="2022-12-22T00:16:03 IST" name="LogintoNeostox" finished-at="2022-12-22T00:16:09 IST" duration-ms="6764" status="PASS">
          <reporter-output>
            <line>
              <![CDATA[waiting for element]]>
            </line>
            <line>
              <![CDATA[Clicking on sign in button]]>
            </line>
            <line>
              <![CDATA[waiting for element]]>
            </line>
            <line>
              <![CDATA[Reading mobileNum from property file]]>
            </line>
            <line>
              <![CDATA[waiting for element]]>
            </line>
            <line>
              <![CDATA[Entering mobile number]]>
            </line>
            <line>
              <![CDATA[waiting for element]]>
            </line>
            <line>
              <![CDATA[waiting for element]]>
            </line>
            <line>
              <![CDATA[Reading password from property file]]>
            </line>
            <line>
              <![CDATA[waiting for element]]>
            </line>
            <line>
              <![CDATA[Entering password ]]>
            </line>
            <line>
              <![CDATA[waiting for element]]>
            </line>
            <line>
              <![CDATA[clicking on submit button]]>
            </line>
            <line>
              <![CDATA[there is no popup]]>
            </line>
            <line>
              <![CDATA[waiting for element]]>
            </line>
          </reporter-output>
        </test-method> <!-- LogintoNeostox -->
        <test-method signature="validateNeoStoxUserName()[pri:0, instance:neoStoxTest.ValidateNeoStoxUsernameProperties@6c1a5b54]" started-at="2022-12-22T00:16:09 IST" name="validateNeoStoxUserName" finished-at="2022-12-22T00:16:09 IST" duration-ms="63" status="PASS">
          <reporter-output>
            <line>
              <![CDATA[waiting for element]]>
            </line>
            <line>
              <![CDATA[getting actual username]]>
            </line>
            <line>
              <![CDATA[Actual username is Ashok Yadav]]>
            </line>
            <line>
              <![CDATA[Reading username from property file]]>
            </line>
            <line>
              <![CDATA[Username validated successsfully]]>
            </line>
            <line>
              <![CDATA[TC validateNeoStoxUserName is passed successfully]]>
            </line>
          </reporter-output>
        </test-method> <!-- validateNeoStoxUserName -->
        <test-method is-config="true" signature="logout()[pri:0, instance:neoStoxTest.ValidateNeoStoxUsernameProperties@6c1a5b54]" started-at="2022-12-22T00:16:09 IST" name="logout" finished-at="2022-12-22T00:16:10 IST" duration-ms="184" status="PASS">
          <reporter-output>
            <line>
              <![CDATA[waiting for element]]>
            </line>
            <line>
              <![CDATA[waiting for element]]>
            </line>
            <line>
              <![CDATA[logging out from neostox ]]>
            </line>
          </reporter-output>
        </test-method> <!-- logout -->
        <test-method is-config="true" signature="closeBrowser()[pri:0, instance:neoStoxTest.ValidateNeoStoxUsernameProperties@6c1a5b54]" started-at="2022-12-22T00:16:10 IST" name="closeBrowser" finished-at="2022-12-22T00:16:10 IST" duration-ms="382" status="PASS">
          <reporter-output>
          </reporter-output>
        </test-method> <!-- closeBrowser -->
      </class> <!-- neoStoxTest.ValidateNeoStoxUsernameProperties -->
    </test> <!-- Test -->
  </suite> <!-- Suite -->
</testng-results>
